<?xml version="1.0" encoding="UTF-8"?>
<!-- Generated by org.testng.reporters.JUnitXMLReporter -->
<testsuite ignored="0" hostname="Divyanshu" failures="0" tests="4" name="Test" time="75.396" errors="0" timestamp="07 Jul 2021 16:54:33 GMT">
  <testcase classname="com.arc.assignment.AddCampuses" name="performLogin" time="10.776"/>
  <testcase classname="com.arc.assignment.AddCampuses" name="addCampuses" time="37.272"/>
  <testcase classname="com.arc.assignment.SearchCampusName" name="performLogin" time="9.593"/>
  <testcase classname="com.arc.assignment.SearchCampusName" name="searchCampus" time="15.322"/>
</testsuite> <!-- Test -->
